Ready to run!

Ready to run!

Loading file:
C:/SHARC-EESS-Active/SHARC-development/sharc/input/parameters.ini

IMT:
	interfered with: False
	direction: UPLINK
	frequency: 24.350 GHz
	bandwidth: 200 MHz
	spurious emissions: -13 dBm/MHz
	topology: HOTSPOT
	path loss model: UMi
EESS_PASSIVE:
	frequency: 23.900 GHz
	bandwidth: 200 MHz
	path loss model: FSPL
	antenna pattern: ITU-R RS.1813

Simulation is running...
STOPPED BY USER, FINALIZING SIMULATION
FINISHED!
Elapsed time: 00 h 00 min 01 seg
Ready to run!

Loading file:
C:/SHARC-EESS-Active/SHARC-development/sharc/input/parameters.ini

IMT:
	interfered with: False
	direction: UPLINK
	frequency: 24.350 GHz
	bandwidth: 200 MHz
	spurious emissions: -13 dBm/MHz
	topology: HOTSPOT
	path loss model: UMi
EESS_PASSIVE:
	frequency: 23.900 GHz
	bandwidth: 200 MHz
	path loss model: FSPL
	antenna pattern: ITU-R RS.1813

Simulation is running...
Ready to run!

Loading file:
C:/SHARC-EESS-Active/SHARC-development/sharc/input/parameters.ini

IMT:
	interfered with: False
	direction: UPLINK
	frequency: 24.350 GHz
	bandwidth: 200 MHz
	spurious emissions: -13 dBm/MHz
	topology: HOTSPOT
	path loss model: UMi
EESS_PASSIVE:
	frequency: 23.900 GHz
	bandwidth: 200 MHz
	path loss model: FSPL
	antenna pattern: ITU-R RS.1813

Simulation is running...
Ready to run!

Loading file:
C:/SHARC-EESS-Active/SHARC-development/sharc/input/parameters.ini

IMT:
	interfered with: False
	direction: UPLINK
	frequency: 24.350 GHz
	bandwidth: 200 MHz
	spurious emissions: -13 dBm/MHz
	topology: HOTSPOT
	path loss model: UMi
EESS_PASSIVE:
	frequency: 23.900 GHz
	bandwidth: 200 MHz
	path loss model: FSPL
	antenna pattern: ITU-R RS.1813

Simulation is running...
Ready to run!

Loading file:
C:/SHARC-EESS-Active/SHARC-development/sharc/input/parameters.ini

IMT:
	interfered with: False
	direction: UPLINK
	frequency: 24.350 GHz
	bandwidth: 200 MHz
	spurious emissions: -13 dBm/MHz
	topology: HOTSPOT
	path loss model: UMi
EESS_PASSIVE:
	frequency: 23.900 GHz
	bandwidth: 200 MHz
	path loss model: FSPL
	antenna pattern: ITU-R RS.1813

Simulation is running...
Ready to run!

Loading file:
C:/SHARC-EESS-Active/SHARC-development/sharc/input/parameters.ini

IMT:
	interfered with: False
	direction: UPLINK
	frequency: 24.350 GHz
	bandwidth: 200 MHz
	spurious emissions: -13 dBm/MHz
	topology: HOTSPOT
	path loss model: UMi
EESS_PASSIVE:
	frequency: 23.900 GHz
	bandwidth: 200 MHz
	path loss model: FSPL
	antenna pattern: ITU-R RS.1813

Simulation is running...
Snapshot #10
Snapshot #20
STOPPED BY USER, FINALIZING SIMULATION
FINISHED!
Elapsed time: 00 h 00 min 03 seg
Ready to run!

Loading file:
C:/SHARC-EESS-Active/SHARC-development/sharc/input/parameters.ini

IMT:
	interfered with: False
	direction: UPLINK
	frequency: 24.350 GHz
	bandwidth: 200 MHz
	spurious emissions: -13 dBm/MHz
	topology: HOTSPOT
	path loss model: UMi
EESS_PASSIVE:
	frequency: 23.900 GHz
	bandwidth: 200 MHz
	path loss model: FSPL
	antenna pattern: ITU-R RS.1813

Simulation is running...
Snapshot #10
Snapshot #20
Snapshot #30
Snapshot #40
Snapshot #50
Snapshot #60
Snapshot #70
Snapshot #80
Snapshot #90
Snapshot #100
Snapshot #110
Snapshot #120
STOPPED BY USER, FINALIZING SIMULATION
FINISHED!
Elapsed time: 00 h 00 min 23 seg
Ready to run!

Loading file:
C:/SHARC-EESS-Active/SHARC-development/sharc/input/parameters.ini

IMT:
	interfered with: False
	direction: UPLINK
	frequency: 24.350 GHz
	bandwidth: 200 MHz
	spurious emissions: -13 dBm/MHz
	topology: HOTSPOT
	path loss model: UMi
EESS_PASSIVE:
	frequency: 23.900 GHz
	bandwidth: 200 MHz
	path loss model: FSPL
	antenna pattern: ITU-R RS.1813

Simulation is running...
Snapshot #10
Snapshot #20
STOPPED BY USER, FINALIZING SIMULATION
FINISHED!
Elapsed time: 00 h 00 min 05 seg
Loading file:
C:/SHARC-EESS-Active/SHARC-development/sharc/input/parameters.ini

IMT:
	interfered with: False
	direction: UPLINK
	frequency: 24.350 GHz
	bandwidth: 200 MHz
	spurious emissions: -13 dBm/MHz
	topology: HOTSPOT
	path loss model: UMi
EESS_PASSIVE:
	frequency: 23.900 GHz
	bandwidth: 200 MHz
	path loss model: FSPL
	antenna pattern: ITU-R RS.1813

Simulation is running...
Snapshot #10
Snapshot #20
Snapshot #30
Snapshot #40
Snapshot #50
Snapshot #60
Snapshot #70
STOPPED BY USER, FINALIZING SIMULATION
FINISHED!
Elapsed time: 00 h 00 min 13 seg
Ready to run!

Loading file:
C:/SHARC-EESS-Active/SHARC-development/sharc/input/parameters.ini

IMT:
	interfered with: False
	direction: UPLINK
	frequency: 24.350 GHz
	bandwidth: 200 MHz
	spurious emissions: -13 dBm/MHz
	topology: HOTSPOT
	path loss model: UMi
EESS_PASSIVE:
	frequency: 23.900 GHz
	bandwidth: 200 MHz
	path loss model: FSPL
	antenna pattern: ITU-R RS.1813

Simulation is running...
Snapshot #10
Snapshot #20
Snapshot #30
Snapshot #40
Snapshot #50
Snapshot #60
Snapshot #70
Snapshot #80
Snapshot #90
Snapshot #100
Snapshot #110
Snapshot #120
Snapshot #130
Snapshot #140
Snapshot #150
Snapshot #160
Snapshot #170
Snapshot #180
Snapshot #190
Snapshot #200
Snapshot #210
Snapshot #220
Snapshot #230
Snapshot #240
Snapshot #250
Snapshot #260
Snapshot #270
Snapshot #280
Snapshot #290
Snapshot #300
Snapshot #310
Snapshot #320
Snapshot #330
Snapshot #340
Snapshot #350
Snapshot #360
Snapshot #370
Snapshot #380
Snapshot #390
Snapshot #400
Snapshot #410
Snapshot #420
Snapshot #430
Snapshot #440
Snapshot #450
Snapshot #460
Snapshot #470
STOPPED BY USER, FINALIZING SIMULATION
FINISHED!
Elapsed time: 00 h 01 min 37 seg
Ready to run!

Loading file:
C:/SHARC-EESS-Active/SHARC-development/sharc/input/parameters.ini

IMT:
	interfered with: False
	direction: UPLINK
	frequency: 24.350 GHz
	bandwidth: 200 MHz
	spurious emissions: -13 dBm/MHz
	topology: HOTSPOT
	path loss model: UMi
EESS_PASSIVE:
	frequency: 23.900 GHz
	bandwidth: 200 MHz
	path loss model: FSPL
	antenna pattern: ITU-R RS.2043

Simulation is running...
Snapshot #10
Snapshot #20
Snapshot #30
Snapshot #40
Snapshot #50
STOPPED BY USER, FINALIZING SIMULATION
FINISHED!
Elapsed time: 00 h 00 min 09 seg
Loading file:
C:/SHARC-EESS-Active/SHARC-development/sharc/input/parameters.ini

IMT:
	interfered with: False
	direction: UPLINK
	frequency: 24.350 GHz
	bandwidth: 200 MHz
	spurious emissions: -13 dBm/MHz
	topology: HOTSPOT
	path loss model: UMi
EESS_PASSIVE:
	frequency: 23.900 GHz
	bandwidth: 200 MHz
	path loss model: FSPL
	antenna pattern: ITU-R RS.2043

Simulation is running...
Snapshot #10
Snapshot #20
Snapshot #30
Snapshot #40
Snapshot #50
Snapshot #60
Snapshot #70
STOPPED BY USER, FINALIZING SIMULATION
FINISHED!
Elapsed time: 00 h 00 min 15 seg
Ready to run!

Loading file:
C:/SHARC-EESS-Active/SHARC-development/sharc/input/parameters.ini

IMT:
	interfered with: False
	direction: UPLINK
	frequency: 24.350 GHz
	bandwidth: 200 MHz
	spurious emissions: -13 dBm/MHz
	topology: HOTSPOT
	path loss model: UMi
EESS_PASSIVE:
	frequency: 23.900 GHz
	bandwidth: 200 MHz
	path loss model: FSPL
	antenna pattern: ITU-R RS.2043

Simulation is running...
Snapshot #10
Snapshot #20
Snapshot #30
Snapshot #40
Snapshot #50
Snapshot #60
Snapshot #70
Snapshot #80
Snapshot #90
Snapshot #100
Snapshot #110
Snapshot #120
Snapshot #130
Snapshot #140
Snapshot #150
Snapshot #160
Snapshot #170
Snapshot #180
Snapshot #190
Snapshot #200
STOPPED BY USER, FINALIZING SIMULATION
FINISHED!
Elapsed time: 00 h 00 min 41 seg
Ready to run!

Loading file:
C:/SHARC-EESS-Active/SHARC-development/sharc/input/parameters.ini

IMT:
	interfered with: False
	direction: UPLINK
	frequency: 24.350 GHz
	bandwidth: 200 MHz
	spurious emissions: -13 dBm/MHz
	topology: HOTSPOT
	path loss model: UMi
EESS_PASSIVE:
	frequency: 23.900 GHz
	bandwidth: 200 MHz
	path loss model: FSPL
	antenna pattern: ITU-R RS.2043

Simulation is running...
Snapshot #10
Snapshot #20
Snapshot #30
Snapshot #40
Snapshot #50
Snapshot #60
STOPPED BY USER, FINALIZING SIMULATION
FINISHED!
Elapsed time: 00 h 00 min 13 seg
Loading file:
C:/SHARC-EESS-Active/SHARC-development/sharc/input/parameters.ini

IMT:
	interfered with: False
	direction: UPLINK
	frequency: 24.350 GHz
	bandwidth: 200 MHz
	spurious emissions: -13 dBm/MHz
	topology: HOTSPOT
	path loss model: UMi
EESS_PASSIVE:
	frequency: 23.900 GHz
	bandwidth: 200 MHz
	path loss model: FSPL
	antenna pattern: ITU-R RS.2043

Simulation is running...
STOPPED BY USER, FINALIZING SIMULATION
Ready to run!

Loading file:
C:/SHARC-EESS-Active/SHARC-development/sharc/input/parameters.ini

IMT:
	interfered with: False
	direction: UPLINK
	frequency: 24.350 GHz
	bandwidth: 200 MHz
	spurious emissions: -13 dBm/MHz
	topology: HOTSPOT
	path loss model: UMi
EESS_PASSIVE:
	frequency: 23.900 GHz
	bandwidth: 200 MHz
	path loss model: FSPL
	antenna pattern: ITU-R RS.2043

Simulation is running...
Snapshot #10
Snapshot #20
Snapshot #30
Snapshot #40
Snapshot #50
Snapshot #60
Snapshot #70
Snapshot #80
Snapshot #90
Snapshot #100
STOPPED BY USER, FINALIZING SIMULATION
FINISHED!
Elapsed time: 00 h 00 min 20 seg
Ready to run!

Loading file:
C:/SHARC-EESS-Active/SHARC-development/sharc/input/parameters.ini

IMT:
	interfered with: False
	direction: UPLINK
	frequency: 24.350 GHz
	bandwidth: 200 MHz
	spurious emissions: -13 dBm/MHz
	topology: HOTSPOT
	path loss model: UMi
EESS_PASSIVE:
	frequency: 23.900 GHz
	bandwidth: 200 MHz
	path loss model: FSPL
	antenna pattern: ITU-R RS.2043

Simulation is running...
Snapshot #10
Snapshot #20
Snapshot #30
Snapshot #40
STOPPED BY USER, FINALIZING SIMULATION
Snapshot #50
FINISHED!
Elapsed time: 00 h 00 min 10 seg
Ready to run!

Loading file:
C:/SHARC-EESS-Active/SHARC-development/sharc/input/parameters.ini

IMT:
	interfered with: False
	direction: UPLINK
	frequency: 24.350 GHz
	bandwidth: 200 MHz
	spurious emissions: -13 dBm/MHz
	topology: HOTSPOT
	path loss model: UMi
EESS_PASSIVE:
	frequency: 23.900 GHz
	bandwidth: 200 MHz
	path loss model: FSPL
	antenna pattern: ITU-R RS.2043

Simulation is running...
Snapshot #10
Snapshot #20
Snapshot #30
Snapshot #40
Snapshot #50
Snapshot #60
Snapshot #70
Snapshot #80
Snapshot #90
Snapshot #100
STOPPED BY USER, FINALIZING SIMULATION
FINISHED!
Elapsed time: 00 h 00 min 20 seg
Loading file:
C:/SHARC-EESS-Active/SHARC-development/sharc/input/parameters.ini

IMT:
	interfered with: False
	direction: UPLINK
	frequency: 24.350 GHz
	bandwidth: 200 MHz
	spurious emissions: -13 dBm/MHz
	topology: HOTSPOT
	path loss model: UMi
EESS_PASSIVE:
	frequency: 23.900 GHz
	bandwidth: 200 MHz
	path loss model: FSPL
	antenna pattern: ITU-R RS.2043

Simulation is running...
Snapshot #10
Snapshot #20
Snapshot #30
STOPPED BY USER, FINALIZING SIMULATION
FINISHED!
Elapsed time: 00 h 00 min 07 seg
Loading file:
C:/SHARC-EESS-Active/SHARC-development/sharc/input/parameters.ini

IMT:
	interfered with: False
	direction: UPLINK
	frequency: 24.350 GHz
	bandwidth: 200 MHz
	spurious emissions: -13 dBm/MHz
	topology: HOTSPOT
	path loss model: UMi
EESS_PASSIVE:
	frequency: 23.900 GHz
	bandwidth: 200 MHz
	path loss model: FSPL
	antenna pattern: ITU-R RS.2043

Simulation is running...
Snapshot #10
Snapshot #20
Snapshot #30
STOPPED BY USER, FINALIZING SIMULATION
FINISHED!
Elapsed time: 00 h 00 min 07 seg
Ready to run!

Loading file:
C:/SHARC-EESS-Active/SHARC-development/sharc/input/parameters.ini

IMT:
	interfered with: False
	direction: UPLINK
	frequency: 24.350 GHz
	bandwidth: 200 MHz
	spurious emissions: -13 dBm/MHz
	topology: HOTSPOT
	path loss model: UMi
EESS_PASSIVE:
	frequency: 23.900 GHz
	bandwidth: 200 MHz
	path loss model: FSPL
	antenna pattern: ITU-R RS.2043

Simulation is running...
Snapshot #10
Snapshot #20
Snapshot #30
STOPPED BY USER, FINALIZING SIMULATION
FINISHED!
Elapsed time: 00 h 00 min 05 seg
Ready to run!

Loading file:
C:/SHARC-EESS-Active/SHARC-development/sharc/input/parameters.ini

IMT:
	interfered with: False
	direction: UPLINK
	frequency: 24.350 GHz
	bandwidth: 200 MHz
	spurious emissions: -13 dBm/MHz
	topology: HOTSPOT
	path loss model: UMi
EESS_PASSIVE:
	frequency: 23.900 GHz
	bandwidth: 200 MHz
	path loss model: FSPL
	antenna pattern: ITU-R RS.2043

Simulation is running...
Snapshot #10
Snapshot #20
Snapshot #30
Snapshot #40
Snapshot #50
Snapshot #60
Snapshot #70
Snapshot #80
Snapshot #90
Snapshot #100
Snapshot #110
Snapshot #120
Snapshot #130
Snapshot #140
Snapshot #150
Snapshot #160
Snapshot #170
Snapshot #180
Snapshot #190
Snapshot #200
Snapshot #210
Snapshot #220
STOPPED BY USER, FINALIZING SIMULATION
FINISHED!
Elapsed time: 00 h 00 min 44 seg
Ready to run!

Loading file:
C:/SHARC-EESS-Active/SHARC-development/sharc/input/parameters.ini

IMT:
	interfered with: False
	direction: UPLINK
	frequency: 24.350 GHz
	bandwidth: 200 MHz
	spurious emissions: -13 dBm/MHz
	topology: HOTSPOT
	path loss model: UMi
EESS_PASSIVE:
	frequency: 23.900 GHz
	bandwidth: 200 MHz
	path loss model: FSPL
	antenna pattern: ITU-R RS.2043

Simulation is running...
Snapshot #10
Snapshot #20
Snapshot #30
Snapshot #40
Snapshot #50
Snapshot #60
Snapshot #70
Snapshot #80
Snapshot #90
Snapshot #100
Snapshot #110
Snapshot #120
Snapshot #130
Snapshot #140
Snapshot #150
Snapshot #160
Snapshot #170
Snapshot #180
Snapshot #190
Snapshot #200
Snapshot #210
Snapshot #220
Snapshot #230
Snapshot #240
Snapshot #250
Snapshot #260
Snapshot #270
Snapshot #280
Snapshot #290
Snapshot #300
Snapshot #310
Snapshot #320
Snapshot #330
Snapshot #340
Snapshot #350
Snapshot #360
Snapshot #370
Snapshot #380
Snapshot #390
Snapshot #400
Snapshot #410
Snapshot #420
Snapshot #430
Snapshot #440
Snapshot #450
Snapshot #460
Snapshot #470
Snapshot #480
Snapshot #490
Snapshot #500
Snapshot #510
Snapshot #520
Snapshot #530
Snapshot #540
Snapshot #550
Snapshot #560
Snapshot #570
Snapshot #580
Snapshot #590
Snapshot #600
Snapshot #610
Snapshot #620
Snapshot #630
Snapshot #640
Snapshot #650
Snapshot #660
Snapshot #670
Snapshot #680
Snapshot #690
Snapshot #700
Snapshot #710
Snapshot #720
Snapshot #730
Snapshot #740
Snapshot #750
Snapshot #760
Snapshot #770
Snapshot #780
Snapshot #790
Snapshot #800
Snapshot #810
Snapshot #820
Snapshot #830
Snapshot #840
Snapshot #850
Snapshot #860
Snapshot #870
Snapshot #880
Snapshot #890
Snapshot #900
Snapshot #910
Snapshot #920
Snapshot #930
Snapshot #940
Snapshot #950
Snapshot #960
Snapshot #970
Snapshot #980
Snapshot #990
Snapshot #1000
Snapshot #1010
Snapshot #1020
Snapshot #1030
Snapshot #1040
Snapshot #1050
Snapshot #1060
Snapshot #1070
Snapshot #1080
Snapshot #1090
Snapshot #1100
Snapshot #1110
Snapshot #1120
Snapshot #1130
Snapshot #1140
Snapshot #1150
Snapshot #1160
Snapshot #1170
Snapshot #1180
Snapshot #1190
Snapshot #1200
Snapshot #1210
Snapshot #1220
Snapshot #1230
Snapshot #1240
Snapshot #1250
Snapshot #1260
Snapshot #1270
Snapshot #1280
Snapshot #1290
Snapshot #1300
Snapshot #1310
Snapshot #1320
Snapshot #1330
Snapshot #1340
Snapshot #1350
Snapshot #1360
Snapshot #1370
Snapshot #1380
Snapshot #1390
Snapshot #1400
Snapshot #1410
Snapshot #1420
Snapshot #1430
Snapshot #1440
Snapshot #1450
Snapshot #1460
Snapshot #1470
Snapshot #1480
Snapshot #1490
Snapshot #1500
Snapshot #1510
Snapshot #1520
Snapshot #1530
Snapshot #1540
Snapshot #1550
Snapshot #1560
Snapshot #1570
Snapshot #1580
Snapshot #1590
Snapshot #1600
Snapshot #1610
Snapshot #1620
Snapshot #1630
Snapshot #1640
Snapshot #1650
Snapshot #1660
Snapshot #1670
Snapshot #1680
Snapshot #1690
Snapshot #1700
Snapshot #1710
Snapshot #1720
Snapshot #1730
Snapshot #1740
Snapshot #1750
Snapshot #1760
Snapshot #1770
Snapshot #1780
Snapshot #1790
Snapshot #1800
Snapshot #1810
Snapshot #1820
Snapshot #1830
Snapshot #1840
Snapshot #1850
Snapshot #1860
Snapshot #1870
Snapshot #1880
Snapshot #1890
Snapshot #1900
Snapshot #1910
Snapshot #1920
Snapshot #1930
Snapshot #1940
Snapshot #1950
Snapshot #1960
Snapshot #1970
Snapshot #1980
Snapshot #1990
Snapshot #2000
Snapshot #2010
Snapshot #2020
Snapshot #2030
Snapshot #2040
Snapshot #2050
Snapshot #2060
Snapshot #2070
Snapshot #2080
Snapshot #2090
Snapshot #2100
Snapshot #2110
Snapshot #2120
Snapshot #2130
Snapshot #2140
Snapshot #2150
Snapshot #2160
Snapshot #2170
Snapshot #2180
Snapshot #2190
Snapshot #2200
Snapshot #2210
Snapshot #2220
Snapshot #2230
Snapshot #2240
Snapshot #2250
Snapshot #2260
Snapshot #2270
Snapshot #2280
Snapshot #2290
Snapshot #2300
Snapshot #2310
Snapshot #2320
Snapshot #2330
Snapshot #2340
Snapshot #2350
Snapshot #2360
Snapshot #2370
Snapshot #2380
Snapshot #2390
Snapshot #2400
Snapshot #2410
Snapshot #2420
Snapshot #2430
Snapshot #2440
Snapshot #2450
Snapshot #2460
Snapshot #2470
Snapshot #2480
Snapshot #2490
Snapshot #2500
Snapshot #2510
Snapshot #2520
Snapshot #2530
Snapshot #2540
Snapshot #2550
Snapshot #2560
Snapshot #2570
Snapshot #2580
Snapshot #2590
Snapshot #2600
Snapshot #2610
Snapshot #2620
Snapshot #2630
Snapshot #2640
Snapshot #2650
Snapshot #2660
Snapshot #2670
Snapshot #2680
Snapshot #2690
Snapshot #2700
Snapshot #2710
Snapshot #2720
Snapshot #2730
Snapshot #2740
Snapshot #2750
Snapshot #2760
Snapshot #2770
Snapshot #2780
Snapshot #2790
Snapshot #2800
Snapshot #2810
Snapshot #2820
Snapshot #2830
Snapshot #2840
Snapshot #2850
Snapshot #2860
Snapshot #2870
Snapshot #2880
Snapshot #2890
Snapshot #2900
Snapshot #2910
Snapshot #2920
Snapshot #2930
Snapshot #2940
Snapshot #2950
Snapshot #2960
Snapshot #2970
Snapshot #2980
Snapshot #2990
Snapshot #3000
Snapshot #3010
Snapshot #3020
Snapshot #3030
Snapshot #3040
Snapshot #3050
Snapshot #3060
Snapshot #3070
Snapshot #3080
Snapshot #3090
Snapshot #3100
Snapshot #3110
Snapshot #3120
Snapshot #3130
Snapshot #3140
Snapshot #3150
Snapshot #3160
Snapshot #3170
Snapshot #3180
Snapshot #3190
Snapshot #3200
Snapshot #3210
Snapshot #3220
Snapshot #3230
Snapshot #3240
Snapshot #3250
Snapshot #3260
Snapshot #3270
Snapshot #3280
Snapshot #3290
Snapshot #3300
Snapshot #3310
Snapshot #3320
Snapshot #3330
Snapshot #3340
Snapshot #3350
Snapshot #3360
Snapshot #3370
Snapshot #3380
Snapshot #3390
Snapshot #3400
Snapshot #3410
Snapshot #3420
Snapshot #3430
Snapshot #3440
Snapshot #3450
Snapshot #3460
Snapshot #3470
Snapshot #3480
Snapshot #3490
Snapshot #3500
Snapshot #3510
Snapshot #3520
Snapshot #3530
Snapshot #3540
Snapshot #3550
Snapshot #3560
Snapshot #3570
Snapshot #3580
Snapshot #3590
Snapshot #3600
Snapshot #3610
Snapshot #3620
Snapshot #3630
Snapshot #3640
Snapshot #3650
Snapshot #3660
Snapshot #3670
Snapshot #3680
Snapshot #3690
Snapshot #3700
Snapshot #3710
Snapshot #3720
Snapshot #3730
Snapshot #3740
Snapshot #3750
Snapshot #3760
Snapshot #3770
Snapshot #3780
Snapshot #3790
Snapshot #3800
Snapshot #3810
Snapshot #3820
Snapshot #3830
Snapshot #3840
Snapshot #3850
Snapshot #3860
Snapshot #3870
Snapshot #3880
Snapshot #3890
Snapshot #3900
Snapshot #3910
Snapshot #3920
Snapshot #3930
Snapshot #3940
Snapshot #3950
Snapshot #3960
Snapshot #3970
Snapshot #3980
Snapshot #3990
Snapshot #4000
Snapshot #4010
Snapshot #4020
Snapshot #4030
Snapshot #4040
Snapshot #4050
Snapshot #4060
Snapshot #4070
Snapshot #4080
Snapshot #4090
Snapshot #4100
Snapshot #4110
Snapshot #4120
Snapshot #4130
Snapshot #4140
STOPPED BY USER, FINALIZING SIMULATION
FINISHED!
Elapsed time: 00 h 14 min 02 seg
Ready to run!

Loading file:
C:/SHARC-EESS-Active/SHARC-development/sharc/input/parameters.ini

IMT:
	interfered with: False
	direction: UPLINK
	frequency: 24.350 GHz
	bandwidth: 200 MHz
	spurious emissions: -13 dBm/MHz
	topology: HOTSPOT
	path loss model: UMi
EESS_PASSIVE:
	frequency: 23.900 GHz
	bandwidth: 200 MHz
	path loss model: FSPL
	antenna pattern: ITU-R RS.2043

Simulation is running...
STOPPED BY USER, FINALIZING SIMULATION
FINISHED!
Elapsed time: 00 h 00 min 00 seg
Loading file:
C:/SHARC-EESS-Active/SHARC-development/sharc/input/parameters.ini

IMT:
	interfered with: False
	direction: UPLINK
	frequency: 24.350 GHz
	bandwidth: 200 MHz
	spurious emissions: -13 dBm/MHz
	topology: HOTSPOT
	path loss model: UMi
EESS_PASSIVE:
	frequency: 23.900 GHz
	bandwidth: 200 MHz
	path loss model: P619
	antenna pattern: ITU-R RS.2043

Simulation is running...
Ready to run!

Loading file:
C:/SHARC-EESS-Active/SHARC-development/sharc/input/parameters.ini

IMT:
	interfered with: False
	direction: UPLINK
	frequency: 10.100 GHz
	bandwidth: 200 MHz
	spurious emissions: -13 dBm/MHz
	topology: HOTSPOT
	path loss model: UMi
EESS_PASSIVE:
	frequency: 9.900 GHz
	bandwidth: 200 MHz
	path loss model: P619
	antenna pattern: ITU-R RS.2043

Simulation is running...
STOPPED BY USER, FINALIZING SIMULATION
Ready to run!

Loading file:
C:/SHARC-EESS-Active/SHARC-development/sharc/input/parameters.ini

IMT:
	interfered with: False
	direction: UPLINK
	frequency: 10.100 GHz
	bandwidth: 200 MHz
	spurious emissions: -13 dBm/MHz
	topology: HOTSPOT
	path loss model: UMi
EESS_PASSIVE:
	frequency: 9.900 GHz
	bandwidth: 200 MHz
	path loss model: P619
	antenna pattern: ITU-R RS.2043

Simulation is running...
Ready to run!

Loading file:
C:/SHARC-EESS-Active/SHARC-development/sharc/input/parameters.ini

IMT:
	interfered with: False
	direction: DOWNLINK
	frequency: 10.100 GHz
	bandwidth: 200 MHz
	spurious emissions: -13 dBm/MHz
	topology: HOTSPOT
	path loss model: UMi
EESS_PASSIVE:
	frequency: 9.900 GHz
	bandwidth: 200 MHz
	path loss model: P619
	antenna pattern: ITU-R RS.2043

Simulation is running...
Ready to run!

Loading file:
C:/SHARC-EESS-Active/SHARC-development/sharc/input/parameters.ini

IMT:
	interfered with: False
	direction: DOWNLINK
	frequency: 10.100 GHz
	bandwidth: 200 MHz
	spurious emissions: -13 dBm/MHz
	topology: HOTSPOT
	path loss model: UMi
EESS_PASSIVE:
	frequency: 9.800 GHz
	bandwidth: 1200 MHz
	path loss model: FSPL
	antenna pattern: ITU-R RS.2043

Simulation is running...
Snapshot #10
STOPPED BY USER, FINALIZING SIMULATION
Ready to run!

Loading file:
C:/SHARC-EESS-Active/SHARC-development/sharc/input/parameters.ini

IMT:
	interfered with: False
	direction: DOWNLINK
	frequency: 10.100 GHz
	bandwidth: 200 MHz
	spurious emissions: -13 dBm/MHz
	topology: HOTSPOT
	path loss model: UMi
EESS_PASSIVE:
	frequency: 9.800 GHz
	bandwidth: 1200 MHz
	path loss model: FSPL
	antenna pattern: ITU-R RS.2043

Simulation is running...
Snapshot #10
Snapshot #20
Snapshot #30
Snapshot #40
Snapshot #50
Snapshot #60
Snapshot #70
Snapshot #80
Snapshot #90
Snapshot #100
Snapshot #110
Snapshot #120
Snapshot #130
Snapshot #140
Snapshot #150
Snapshot #160
Snapshot #170
Snapshot #180
Snapshot #190
Snapshot #200
Snapshot #210
Snapshot #220
Snapshot #230
Snapshot #240
Snapshot #250
Snapshot #260
Snapshot #270
Snapshot #280
Ready to run!

Loading file:
C:/SHARC-EESS-Active/SHARC-development/sharc/input/parameters.ini

IMT:
	interfered with: False
	direction: DOWNLINK
	frequency: 10.100 GHz
	bandwidth: 200 MHz
	spurious emissions: -13 dBm/MHz
	topology: HOTSPOT
	path loss model: UMi
EESS_PASSIVE:
	frequency: 9.800 GHz
	bandwidth: 1200 MHz
	path loss model: FSPL
	antenna pattern: ITU-R RS.2043

Simulation is running...
Snapshot #10
Ready to run!

Loading file:
C:/SHARC-EESS-Active/SHARC-development/sharc/input/parameters.ini

IMT:
	interfered with: False
	direction: DOWNLINK
	frequency: 10.100 GHz
	bandwidth: 200 MHz
	spurious emissions: -13 dBm/MHz
	topology: HOTSPOT
	path loss model: UMi
EESS_PASSIVE:
	frequency: 9.800 GHz
	bandwidth: 1200 MHz
	path loss model: FSPL
	antenna pattern: ITU-R RS.2043

Simulation is running...
Snapshot #10
Ready to run!

Loading file:
C:/SHARC-EESS-Active/SHARC-development/sharc/input/parameters.ini

IMT:
	interfered with: False
	direction: DOWNLINK
	frequency: 10.100 GHz
	bandwidth: 200 MHz
	spurious emissions: -13 dBm/MHz
	topology: HOTSPOT
	path loss model: UMi
EESS_PASSIVE:
	frequency: 9.800 GHz
	bandwidth: 1200 MHz
	path loss model: FSPL
	antenna pattern: ITU-R RS.2043

Simulation is running...
Snapshot #10
Ready to run!

Loading file:
C:/SHARC-EESS-Active/SHARC-development/sharc/input/parameters.ini

IMT:
	interfered with: False
	direction: DOWNLINK
	frequency: 10.100 GHz
	bandwidth: 200 MHz
	spurious emissions: -13 dBm/MHz
	topology: HOTSPOT
	path loss model: UMi
EESS_PASSIVE:
	frequency: 9.800 GHz
	bandwidth: 1200 MHz
	path loss model: FSPL
	antenna pattern: ITU-R RS.2043

Simulation is running...
Snapshot #10
Ready to run!

Loading file:
C:/SHARC-EESS-Active/SHARC-development/sharc/input/parameters.ini

IMT:
	interfered with: False
	direction: DOWNLINK
	frequency: 10.100 GHz
	bandwidth: 200 MHz
	spurious emissions: -13 dBm/MHz
	topology: HOTSPOT
	path loss model: UMi
EESS_PASSIVE:
	frequency: 9.800 GHz
	bandwidth: 200 MHz
	path loss model: FSPL
	antenna pattern: ITU-R RS.2043

Simulation is running...
Snapshot #10
Ready to run!

Loading file:
C:/SHARC-EESS-Active/SHARC-development/sharc/input/parameters.ini

IMT:
	interfered with: False
	direction: DOWNLINK
	frequency: 10.100 GHz
	bandwidth: 200 MHz
	spurious emissions: -13 dBm/MHz
	topology: HOTSPOT
	path loss model: UMi
EESS_PASSIVE:
	frequency: 9.800 GHz
	bandwidth: 200 MHz
	path loss model: FSPL
	antenna pattern: ITU-R RS.2043

Simulation is running...
Snapshot #10
Snapshot #20
Snapshot #30
STOPPED BY USER, FINALIZING SIMULATION
FINISHED!
Elapsed time: 00 h 00 min 06 seg
Ready to run!

Loading file:
C:/SHARC-EESS-Active/SHARC-development/sharc/input/parameters.ini

IMT:
	interfered with: False
	direction: DOWNLINK
	frequency: 10.100 GHz
	bandwidth: 200 MHz
	spurious emissions: -13 dBm/MHz
	topology: HOTSPOT
	path loss model: UMi
EESS_PASSIVE:
	frequency: 9.800 GHz
	bandwidth: 200 MHz
	path loss model: FSPL
	antenna pattern: ITU-R RS.2043

Simulation is running...
Snapshot #10
Snapshot #20
Snapshot #30
Snapshot #40
Snapshot #50
Snapshot #60
Snapshot #70
Snapshot #80
Snapshot #90
Snapshot #100
Snapshot #110
Snapshot #120
Snapshot #130
Snapshot #140
Snapshot #150
Snapshot #160
Snapshot #170
Snapshot #180
Snapshot #190
Snapshot #200
Snapshot #210
Snapshot #220
Snapshot #230
Snapshot #240
Snapshot #250
Snapshot #260
Snapshot #270
Snapshot #280
Snapshot #290
Snapshot #300
Snapshot #310
Snapshot #320
Snapshot #330
Snapshot #340
Snapshot #350
Snapshot #360
Snapshot #370
Snapshot #380
Snapshot #390
Snapshot #400
Snapshot #410
Snapshot #420
Snapshot #430
Snapshot #440
Snapshot #450
Snapshot #460
Snapshot #470
Snapshot #480
Snapshot #490
Snapshot #500
Snapshot #510
Snapshot #520
Snapshot #530
Snapshot #540
Snapshot #550
Snapshot #560
Snapshot #570
Snapshot #580
Snapshot #590
Snapshot #600
Snapshot #610
Snapshot #620
Snapshot #630
Snapshot #640
Snapshot #650
Snapshot #660
Snapshot #670
Snapshot #680
Snapshot #690
Snapshot #700
Snapshot #710
Snapshot #720
Snapshot #730
Snapshot #740
Snapshot #750
Snapshot #760
Snapshot #770
Snapshot #780
Snapshot #790
Snapshot #800
Snapshot #810
Snapshot #820
Snapshot #830
Snapshot #840
Snapshot #850
Snapshot #860
Snapshot #870
Snapshot #880
Snapshot #890
Snapshot #900
Snapshot #910
Snapshot #920
Snapshot #930
Snapshot #940
Snapshot #950
Snapshot #960
Snapshot #970
Snapshot #980
Snapshot #990
Snapshot #1000
Snapshot #1010
Snapshot #1020
Snapshot #1030
Snapshot #1040
Snapshot #1050
Snapshot #1060
STOPPED BY USER, FINALIZING SIMULATION
FINISHED!
Elapsed time: 00 h 03 min 07 seg
Ready to run!

Loading file:
C:/SHARC-EESS-Active/SHARC-development/sharc/input/parameters.ini

IMT:
	interfered with: False
	direction: DOWNLINK
	frequency: 10.100 GHz
	bandwidth: 200 MHz
	spurious emissions: -13 dBm/MHz
	topology: HOTSPOT
	path loss model: UMi
EESS_PASSIVE:
	frequency: 9.800 GHz
	bandwidth: 1200 MHz
	path loss model: P619
	antenna pattern: ITU-R RS.2043

Simulation is running...
STOPPED BY USER, FINALIZING SIMULATION
Ready to run!

Loading file:
C:/SHARC-EESS-Active/SHARC-development/sharc/input/parameters.ini

IMT:
	interfered with: False
	direction: DOWNLINK
	frequency: 10.100 GHz
	bandwidth: 200 MHz
	spurious emissions: -13 dBm/MHz
	topology: HOTSPOT
	path loss model: UMi
EESS_PASSIVE:
	frequency: 9.800 GHz
	bandwidth: 1200 MHz
	path loss model: P619
	antenna pattern: ITU-R RS.2043

Simulation is running...
Snapshot #10
Snapshot #20
Snapshot #30
Snapshot #40
Snapshot #50
Snapshot #60
Snapshot #70
Snapshot #80
Snapshot #90
Snapshot #100
Snapshot #110
Snapshot #120
Snapshot #130
Snapshot #140
Snapshot #150
Snapshot #160
Snapshot #170
Snapshot #180
Snapshot #190
Snapshot #200
Snapshot #210
Snapshot #220
Snapshot #230
Snapshot #240
Snapshot #250
Snapshot #260
Snapshot #270
Snapshot #280
Snapshot #290
Snapshot #300
Snapshot #310
Snapshot #320
Snapshot #330
Snapshot #340
Snapshot #350
Snapshot #360
Snapshot #370
Snapshot #380
Snapshot #390
Snapshot #400
Snapshot #410
Snapshot #420
Snapshot #430
Snapshot #440
Snapshot #450
Snapshot #460
Snapshot #470
Snapshot #480
Snapshot #490
Snapshot #500
Snapshot #510
Snapshot #520
Snapshot #530
Snapshot #540
Snapshot #550
Snapshot #560
Snapshot #570
Snapshot #580
Snapshot #590
Snapshot #600
Snapshot #610
Snapshot #620
Snapshot #630
Snapshot #640
Snapshot #650
Snapshot #660
Snapshot #670
Snapshot #680
Snapshot #690
Snapshot #700
Snapshot #710
Snapshot #720
Snapshot #730
Snapshot #740
Snapshot #750
Snapshot #760
Snapshot #770
Snapshot #780
Snapshot #790
Snapshot #800
Snapshot #810
Snapshot #820
Snapshot #830
Snapshot #840
Snapshot #850
Snapshot #860
Snapshot #870
Snapshot #880
Snapshot #890
Snapshot #900
Snapshot #910
Snapshot #920
Snapshot #930
Snapshot #940
Snapshot #950
Snapshot #960
Snapshot #970
STOPPED BY USER, FINALIZING SIMULATION
FINISHED!
Elapsed time: 00 h 04 min 16 seg
Ready to run!

Loading file:
C:/SHARC-EESS-Active/SHARC-development/sharc/input/parameters.ini

IMT:
	interfered with: False
	direction: DOWNLINK
	frequency: 10.100 GHz
	bandwidth: 200 MHz
	spurious emissions: -13 dBm/MHz
	topology: HOTSPOT
	path loss model: UMi
EESS_PASSIVE:
	frequency: 9.800 GHz
	bandwidth: 1200 MHz
	path loss model: FSPL
	antenna pattern: ITU-R RS.2043

Simulation is running...
Snapshot #10
Snapshot #20
Snapshot #30
Snapshot #40
Snapshot #50
Snapshot #60
Snapshot #70
Snapshot #80
Snapshot #90
Snapshot #100
Snapshot #110
Snapshot #120
Snapshot #130
Snapshot #140
Snapshot #150
Snapshot #160
Snapshot #170
Snapshot #180
Snapshot #190
Snapshot #200
Snapshot #210
Snapshot #220
Snapshot #230
Snapshot #240
Snapshot #250
Snapshot #260
Snapshot #270
Snapshot #280
Snapshot #290
Snapshot #300
Snapshot #310
Snapshot #320
Snapshot #330
STOPPED BY USER, FINALIZING SIMULATION
FINISHED!
Elapsed time: 00 h 01 min 02 seg
Ready to run!

Loading file:
C:/SHARC-EESS-Active/SHARC-development/sharc/input/parameters.ini

IMT:
	interfered with: False
	direction: DOWNLINK
	frequency: 10.100 GHz
	bandwidth: 200 MHz
	spurious emissions: -13 dBm/MHz
	topology: HOTSPOT
	path loss model: UMi
EESS_PASSIVE:
	frequency: 9.800 GHz
	bandwidth: 1200 MHz
	path loss model: FSPL
	antenna pattern: ITU-R RS.2043

Simulation is running...
Snapshot #10
Snapshot #20
Snapshot #30
Snapshot #40
Snapshot #50
Snapshot #60
Snapshot #70
Snapshot #80
Snapshot #90
Snapshot #100
Snapshot #110
Snapshot #120
Snapshot #130
Snapshot #140
Snapshot #150
Snapshot #160
Snapshot #170
Snapshot #180
Snapshot #190
Snapshot #200
Snapshot #210
Snapshot #220
Snapshot #230
Snapshot #240
Snapshot #250
Snapshot #260
STOPPED BY USER, FINALIZING SIMULATION
FINISHED!
Elapsed time: 00 h 00 min 48 seg
Loading file:
C:/SHARC-EESS-Active/SHARC-development/sharc/input/parameters.ini

IMT:
	interfered with: False
	direction: DOWNLINK
	frequency: 10.100 GHz
	bandwidth: 200 MHz
	spurious emissions: -13 dBm/MHz
	topology: HOTSPOT
	path loss model: UMi
EESS_PASSIVE:
	frequency: 9.800 GHz
	bandwidth: 1200 MHz
	path loss model: FSPL
	antenna pattern: ITU-R RS.1861 9c

Simulation is running...
Snapshot #10
Snapshot #20
Snapshot #30
Snapshot #40
Snapshot #50
Snapshot #60
Snapshot #70
Snapshot #80
Snapshot #90
Snapshot #100
STOPPED BY USER, FINALIZING SIMULATION
FINISHED!
Elapsed time: 00 h 00 min 18 seg
Ready to run!

Loading file:
C:/SHARC-EESS-Active/SHARC-development/sharc/input/parameters.ini

IMT:
	interfered with: False
	direction: DOWNLINK
	frequency: 10.100 GHz
	bandwidth: 200 MHz
	spurious emissions: -13 dBm/MHz
	topology: HOTSPOT
	path loss model: UMi
EESS_PASSIVE:
	frequency: 9.800 GHz
	bandwidth: 1200 MHz
	path loss model: FSPL
	antenna pattern: ITU-R RS.1861 9a

Simulation is running...
Snapshot #10
Snapshot #20
Snapshot #30
Snapshot #40
Snapshot #50
Snapshot #60
Snapshot #70
Snapshot #80
Snapshot #90
Snapshot #100
Snapshot #110
Snapshot #120
Snapshot #130
Snapshot #140
Snapshot #150
Snapshot #160
Snapshot #170
Snapshot #180
Snapshot #190
Snapshot #200
Snapshot #210
Snapshot #220
Snapshot #230
Snapshot #240
Snapshot #250
Snapshot #260
Snapshot #270
Snapshot #280
Snapshot #290
Snapshot #300
Snapshot #310
Snapshot #320
Snapshot #330
Snapshot #340
Snapshot #350
Snapshot #360
Snapshot #370
Snapshot #380
Snapshot #390
Snapshot #400
Snapshot #410
Snapshot #420
Snapshot #430
Snapshot #440
Snapshot #450
Snapshot #460
Snapshot #470
Snapshot #480
Snapshot #490
Snapshot #500
Snapshot #510
STOPPED BY USER, FINALIZING SIMULATION
FINISHED!
Elapsed time: 00 h 01 min 35 seg
Ready to run!

Loading file:
C:/SHARC-EESS-Active/SHARC-development/sharc/input/parameters.ini

IMT:
	interfered with: False
	direction: DOWNLINK
	frequency: 10.100 GHz
	bandwidth: 200 MHz
	spurious emissions: -13 dBm/MHz
	topology: HOTSPOT
	path loss model: UMi
EESS_PASSIVE:
	frequency: 9.800 GHz
	bandwidth: 1200 MHz
	path loss model: FSPL
	antenna pattern: ITU-R RS.1861 9a

Simulation is running...
Snapshot #10
Snapshot #20
Snapshot #30
Snapshot #40
Snapshot #50
Snapshot #60
Snapshot #70
STOPPED BY USER, FINALIZING SIMULATION
FINISHED!
Elapsed time: 00 h 00 min 14 seg
Loading file:
C:/SHARC-EESS-Active/SHARC-development/sharc/input/parameters.ini

IMT:
	interfered with: False
	direction: DOWNLINK
	frequency: 10.100 GHz
	bandwidth: 200 MHz
	spurious emissions: -13 dBm/MHz
	topology: HOTSPOT
	path loss model: UMi
EESS_PASSIVE:
	frequency: 9.800 GHz
	bandwidth: 1200 MHz
	path loss model: FSPL
	antenna pattern: ITU-R RS.2043

Simulation is running...
Snapshot #10
Snapshot #20
Snapshot #30
Snapshot #40
Snapshot #50
Snapshot #60
Snapshot #70
Snapshot #80
Snapshot #90
Snapshot #100
Snapshot #110
Snapshot #120
Snapshot #130
Snapshot #140
Snapshot #150
Snapshot #160
Snapshot #170
Snapshot #180
Snapshot #190
Snapshot #200
Snapshot #210
Snapshot #220
Snapshot #230
Snapshot #240
Snapshot #250
Snapshot #260
Snapshot #270
Snapshot #280
Snapshot #290
Snapshot #300
Snapshot #310
Snapshot #320
Snapshot #330
Snapshot #340
Snapshot #350
Snapshot #360
Snapshot #370
Snapshot #380
Snapshot #390
Snapshot #400
Snapshot #410
Snapshot #420
Snapshot #430
Snapshot #440
Snapshot #450
Snapshot #460
Snapshot #470
Snapshot #480
Snapshot #490
Snapshot #500
Snapshot #510
Snapshot #520
Snapshot #530
Snapshot #540
Snapshot #550
Snapshot #560
Snapshot #570
Snapshot #580
Snapshot #590
Snapshot #600
Snapshot #610
Snapshot #620
Snapshot #630
Snapshot #640
Snapshot #650
Snapshot #660
Snapshot #670
Snapshot #680
Snapshot #690
Snapshot #700
Snapshot #710
Snapshot #720
Snapshot #730
Snapshot #740
Snapshot #750
Snapshot #760
Snapshot #770
Snapshot #780
Snapshot #790
Snapshot #800
Snapshot #810
Snapshot #820
Snapshot #830
Snapshot #840
Snapshot #850
Snapshot #860
Snapshot #870
Snapshot #880
Snapshot #890
Snapshot #900
Snapshot #910
Snapshot #920
Snapshot #930
Snapshot #940
Snapshot #950
Snapshot #960
Snapshot #970
Snapshot #980
Snapshot #990
Snapshot #1000
Snapshot #1010
Snapshot #1020
Snapshot #1030
Snapshot #1040
Snapshot #1050
Snapshot #1060
Snapshot #1070
Snapshot #1080
Snapshot #1090
Snapshot #1100
Snapshot #1110
Snapshot #1120
Snapshot #1130
Snapshot #1140
Snapshot #1150
Snapshot #1160
Snapshot #1170
Snapshot #1180
Snapshot #1190
Snapshot #1200
Snapshot #1210
Snapshot #1220
Snapshot #1230
Snapshot #1240
Snapshot #1250
Snapshot #1260
Snapshot #1270
Snapshot #1280
Snapshot #1290
Snapshot #1300
Snapshot #1310
Snapshot #1320
Snapshot #1330
Snapshot #1340
Snapshot #1350
Snapshot #1360
Snapshot #1370
Snapshot #1380
Snapshot #1390
Snapshot #1400
Snapshot #1410
Snapshot #1420
Snapshot #1430
Snapshot #1440
Snapshot #1450
Snapshot #1460
Snapshot #1470
Snapshot #1480
Snapshot #1490
Snapshot #1500
Snapshot #1510
Snapshot #1520
Snapshot #1530
Snapshot #1540
Snapshot #1550
Snapshot #1560
Snapshot #1570
Snapshot #1580
Snapshot #1590
Snapshot #1600
Snapshot #1610
Snapshot #1620
Snapshot #1630
Snapshot #1640
Snapshot #1650
Snapshot #1660
Snapshot #1670
Snapshot #1680
Snapshot #1690
Snapshot #1700
Snapshot #1710
Snapshot #1720
Snapshot #1730
Snapshot #1740
Snapshot #1750
Snapshot #1760
Snapshot #1770
Snapshot #1780
Snapshot #1790
Snapshot #1800
Snapshot #1810
Snapshot #1820
Snapshot #1830
Snapshot #1840
Snapshot #1850
Snapshot #1860
Snapshot #1870
Snapshot #1880
Snapshot #1890
Snapshot #1900
Snapshot #1910
Snapshot #1920
Snapshot #1930
Snapshot #1940
Snapshot #1950
Snapshot #1960
Snapshot #1970
Snapshot #1980
Snapshot #1990
Snapshot #2000
Snapshot #2010
Snapshot #2020
Snapshot #2030
Snapshot #2040
Snapshot #2050
Snapshot #2060
Snapshot #2070
Snapshot #2080
Snapshot #2090
Snapshot #2100
Snapshot #2110
Snapshot #2120
Snapshot #2130
Snapshot #2140
Snapshot #2150
Snapshot #2160
Snapshot #2170
Snapshot #2180
Snapshot #2190
Snapshot #2200
Snapshot #2210
Snapshot #2220
Snapshot #2230
Snapshot #2240
Snapshot #2250
Snapshot #2260
Snapshot #2270
Snapshot #2280
Snapshot #2290
Snapshot #2300
Snapshot #2310
Snapshot #2320
Snapshot #2330
Snapshot #2340
Snapshot #2350
Snapshot #2360
Snapshot #2370
Snapshot #2380
Snapshot #2390
Snapshot #2400
Snapshot #2410
Snapshot #2420
Snapshot #2430
Snapshot #2440
Snapshot #2450
Snapshot #2460
Snapshot #2470
Snapshot #2480
Snapshot #2490
Snapshot #2500
Snapshot #2510
Snapshot #2520
Snapshot #2530
Snapshot #2540
Snapshot #2550
Snapshot #2560
Snapshot #2570
Snapshot #2580
Snapshot #2590
Snapshot #2600
Snapshot #2610
Snapshot #2620
Snapshot #2630
Snapshot #2640
Snapshot #2650
Snapshot #2660
Snapshot #2670
Snapshot #2680
Snapshot #2690
Snapshot #2700
Snapshot #2710
Snapshot #2720
Snapshot #2730
Snapshot #2740
Snapshot #2750
Snapshot #2760
Snapshot #2770
Snapshot #2780
Snapshot #2790
Snapshot #2800
Snapshot #2810
Snapshot #2820
Snapshot #2830
Snapshot #2840
Snapshot #2850
Snapshot #2860
Snapshot #2870
Snapshot #2880
Snapshot #2890
Snapshot #2900
Snapshot #2910
Snapshot #2920
Snapshot #2930
Snapshot #2940
Snapshot #2950
Snapshot #2960
Snapshot #2970
Snapshot #2980
Snapshot #2990
Snapshot #3000
Snapshot #3010
Snapshot #3020
Snapshot #3030
Snapshot #3040
Snapshot #3050
Snapshot #3060
Snapshot #3070
Snapshot #3080
Snapshot #3090
Snapshot #3100
Snapshot #3110
Snapshot #3120
Snapshot #3130
Snapshot #3140
Snapshot #3150
Snapshot #3160
Snapshot #3170
Snapshot #3180
Snapshot #3190
Snapshot #3200
Snapshot #3210
Snapshot #3220
Snapshot #3230
Snapshot #3240
Snapshot #3250
Snapshot #3260
Snapshot #3270
Snapshot #3280
Snapshot #3290
Snapshot #3300
Snapshot #3310
Snapshot #3320
Snapshot #3330
Snapshot #3340
Snapshot #3350
Snapshot #3360
Snapshot #3370
Snapshot #3380
Snapshot #3390
Snapshot #3400
Snapshot #3410
Snapshot #3420
Snapshot #3430
Snapshot #3440
Snapshot #3450
Snapshot #3460
Snapshot #3470
Snapshot #3480
Snapshot #3490
Snapshot #3500
Snapshot #3510
Snapshot #3520
Snapshot #3530
Snapshot #3540
Snapshot #3550
Snapshot #3560
Snapshot #3570
Snapshot #3580
Snapshot #3590
Snapshot #3600
Snapshot #3610
Snapshot #3620
Snapshot #3630
Snapshot #3640
Snapshot #3650
Snapshot #3660
Snapshot #3670
Snapshot #3680
Snapshot #3690
Snapshot #3700
Snapshot #3710
Snapshot #3720
Snapshot #3730
Snapshot #3740
Snapshot #3750
Snapshot #3760
Snapshot #3770
Snapshot #3780
Snapshot #3790
Snapshot #3800
Snapshot #3810
Snapshot #3820
Snapshot #3830
Snapshot #3840
Snapshot #3850
Snapshot #3860
Snapshot #3870
Snapshot #3880
Snapshot #3890
Snapshot #3900
Snapshot #3910
Snapshot #3920
Snapshot #3930
Snapshot #3940
Snapshot #3950
Snapshot #3960
Snapshot #3970
Snapshot #3980
Snapshot #3990
Snapshot #4000
Snapshot #4010
Snapshot #4020
Snapshot #4030
Snapshot #4040
Snapshot #4050
Snapshot #4060
Snapshot #4070
Snapshot #4080
Snapshot #4090
Snapshot #4100
Snapshot #4110
Snapshot #4120
Snapshot #4130
Snapshot #4140
Snapshot #4150
Snapshot #4160
Snapshot #4170
Snapshot #4180
Snapshot #4190
Snapshot #4200
Snapshot #4210
Snapshot #4220
Snapshot #4230
Snapshot #4240
Snapshot #4250
Snapshot #4260
Snapshot #4270
Snapshot #4280
Snapshot #4290
Snapshot #4300
Snapshot #4310
Snapshot #4320
Snapshot #4330
Snapshot #4340
Snapshot #4350
Snapshot #4360
Snapshot #4370
Snapshot #4380
Snapshot #4390
Snapshot #4400
Snapshot #4410
Snapshot #4420
Snapshot #4430
Snapshot #4440
Snapshot #4450
Snapshot #4460
Snapshot #4470
Snapshot #4480
Snapshot #4490
Snapshot #4500
Snapshot #4510
Snapshot #4520
Snapshot #4530
Snapshot #4540
Snapshot #4550
Snapshot #4560
Snapshot #4570
Snapshot #4580
Snapshot #4590
Snapshot #4600
Snapshot #4610
Snapshot #4620
Snapshot #4630
Snapshot #4640
Snapshot #4650
Snapshot #4660
Snapshot #4670
Snapshot #4680
Snapshot #4690
Snapshot #4700
Snapshot #4710
Snapshot #4720
Snapshot #4730
Snapshot #4740
Snapshot #4750
Snapshot #4760
Snapshot #4770
Snapshot #4780
Snapshot #4790
Snapshot #4800
Snapshot #4810
Snapshot #4820
Snapshot #4830
Snapshot #4840
Snapshot #4850
Snapshot #4860
Snapshot #4870
Snapshot #4880
Snapshot #4890
Snapshot #4900
Snapshot #4910
Snapshot #4920
Snapshot #4930
Snapshot #4940
Snapshot #4950
Snapshot #4960
Snapshot #4970
Snapshot #4980
Snapshot #4990
Snapshot #5000
Snapshot #5010
Snapshot #5020
Snapshot #5030
Snapshot #5040
Snapshot #5050
Snapshot #5060
Snapshot #5070
Snapshot #5080
Snapshot #5090
Snapshot #5100
Snapshot #5110
Snapshot #5120
Snapshot #5130
Snapshot #5140
Snapshot #5150
Snapshot #5160
Snapshot #5170
Snapshot #5180
Snapshot #5190
Snapshot #5200
Snapshot #5210
Snapshot #5220
Snapshot #5230
Snapshot #5240
Snapshot #5250
Snapshot #5260
Snapshot #5270
Snapshot #5280
Snapshot #5290
Snapshot #5300
Snapshot #5310
Snapshot #5320
Snapshot #5330
Snapshot #5340
Snapshot #5350
Snapshot #5360
Snapshot #5370
Snapshot #5380
Snapshot #5390
Snapshot #5400
Snapshot #5410
Snapshot #5420
Snapshot #5430
Snapshot #5440
Snapshot #5450
Snapshot #5460
Snapshot #5470
Snapshot #5480
Snapshot #5490
Snapshot #5500
Snapshot #5510
Snapshot #5520
Snapshot #5530
Snapshot #5540
Snapshot #5550
Snapshot #5560
Snapshot #5570
Snapshot #5580
Snapshot #5590
Snapshot #5600
Snapshot #5610
Snapshot #5620
Snapshot #5630
Snapshot #5640
Snapshot #5650
Snapshot #5660
Snapshot #5670
Snapshot #5680
Snapshot #5690
Snapshot #5700
Snapshot #5710
Snapshot #5720
Snapshot #5730
Snapshot #5740
Snapshot #5750
Snapshot #5760
Snapshot #5770
Snapshot #5780
Snapshot #5790
Snapshot #5800
Snapshot #5810
Snapshot #5820
Snapshot #5830
Snapshot #5840
Snapshot #5850
Snapshot #5860
Snapshot #5870
Snapshot #5880
Snapshot #5890
Snapshot #5900
Snapshot #5910
Snapshot #5920
Snapshot #5930
Snapshot #5940
Snapshot #5950
Snapshot #5960
Snapshot #5970
Snapshot #5980
Snapshot #5990
Snapshot #6000
Snapshot #6010
Snapshot #6020
Snapshot #6030
Snapshot #6040
Snapshot #6050
Snapshot #6060
Snapshot #6070
Snapshot #6080
Snapshot #6090
Snapshot #6100
Snapshot #6110
Snapshot #6120
Snapshot #6130
Snapshot #6140
Snapshot #6150
Snapshot #6160
Snapshot #6170
Snapshot #6180
Snapshot #6190
Snapshot #6200
Snapshot #6210
Snapshot #6220
Snapshot #6230
Snapshot #6240
Snapshot #6250
Snapshot #6260
Snapshot #6270
Snapshot #6280
Snapshot #6290
Snapshot #6300
Snapshot #6310
Snapshot #6320
Snapshot #6330
Snapshot #6340
Snapshot #6350
Snapshot #6360
Snapshot #6370
Snapshot #6380
Snapshot #6390
Snapshot #6400
Snapshot #6410
Snapshot #6420
Snapshot #6430
Snapshot #6440
Snapshot #6450
Snapshot #6460
Snapshot #6470
Snapshot #6480
Snapshot #6490
Snapshot #6500
Snapshot #6510
Snapshot #6520
Snapshot #6530
Snapshot #6540
Snapshot #6550
Snapshot #6560
Snapshot #6570
Snapshot #6580
Snapshot #6590
Snapshot #6600
Snapshot #6610
Snapshot #6620
Snapshot #6630
Snapshot #6640
Snapshot #6650
Snapshot #6660
Snapshot #6670
Snapshot #6680
Snapshot #6690
Snapshot #6700
Snapshot #6710
Snapshot #6720
Snapshot #6730
Snapshot #6740
Snapshot #6750
Snapshot #6760
Snapshot #6770
Snapshot #6780
Snapshot #6790
Snapshot #6800
Snapshot #6810
Snapshot #6820
Snapshot #6830
Snapshot #6840
Snapshot #6850
Snapshot #6860
Snapshot #6870
Snapshot #6880
Snapshot #6890
Snapshot #6900
Snapshot #6910
Snapshot #6920
Snapshot #6930
Snapshot #6940
Snapshot #6950
Snapshot #6960
Snapshot #6970
Snapshot #6980
Snapshot #6990
Snapshot #7000
Snapshot #7010
Snapshot #7020
Snapshot #7030
Snapshot #7040
Snapshot #7050
Snapshot #7060
Snapshot #7070
Snapshot #7080
Snapshot #7090
Snapshot #7100
Snapshot #7110
Snapshot #7120
Snapshot #7130
Snapshot #7140
Snapshot #7150
Snapshot #7160
Snapshot #7170
Snapshot #7180
Snapshot #7190
Snapshot #7200
Snapshot #7210
Snapshot #7220
Snapshot #7230
Snapshot #7240
Snapshot #7250
Snapshot #7260
Snapshot #7270
Snapshot #7280
Snapshot #7290
Snapshot #7300
Snapshot #7310
Snapshot #7320
Snapshot #7330
Snapshot #7340
Snapshot #7350
Snapshot #7360
Snapshot #7370
Snapshot #7380
Snapshot #7390
Snapshot #7400
Snapshot #7410
Snapshot #7420
Snapshot #7430
Snapshot #7440
Snapshot #7450
Snapshot #7460
Snapshot #7470
Snapshot #7480
Snapshot #7490
Snapshot #7500
Snapshot #7510
Snapshot #7520
Snapshot #7530
Snapshot #7540
Snapshot #7550
Snapshot #7560
Snapshot #7570
Snapshot #7580
Snapshot #7590
Snapshot #7600
Snapshot #7610
Snapshot #7620
Snapshot #7630
Snapshot #7640
Snapshot #7650
Snapshot #7660
Snapshot #7670
Snapshot #7680
Snapshot #7690
Snapshot #7700
Snapshot #7710
Snapshot #7720
Snapshot #7730
Snapshot #7740
Snapshot #7750
Snapshot #7760
Snapshot #7770
Snapshot #7780
Snapshot #7790
Snapshot #7800
Snapshot #7810
Snapshot #7820
Snapshot #7830
Snapshot #7840
Snapshot #7850
Snapshot #7860
Snapshot #7870
Snapshot #7880
Snapshot #7890
Snapshot #7900
Snapshot #7910
Snapshot #7920
Snapshot #7930
Snapshot #7940
Snapshot #7950
Snapshot #7960
Snapshot #7970
Snapshot #7980
Snapshot #7990
Snapshot #8000
Snapshot #8010
Snapshot #8020
Snapshot #8030
Snapshot #8040
Snapshot #8050
Snapshot #8060
Snapshot #8070
Snapshot #8080
Snapshot #8090
Snapshot #8100
Snapshot #8110
Snapshot #8120
Snapshot #8130
Snapshot #8140
Snapshot #8150
Snapshot #8160
Snapshot #8170
Snapshot #8180
Snapshot #8190
Snapshot #8200
Snapshot #8210
Snapshot #8220
Snapshot #8230
Snapshot #8240
Snapshot #8250
Snapshot #8260
Snapshot #8270
Snapshot #8280
Snapshot #8290
Snapshot #8300
Snapshot #8310
Snapshot #8320
Snapshot #8330
Snapshot #8340
Snapshot #8350
Snapshot #8360
Snapshot #8370
Snapshot #8380
Snapshot #8390
Snapshot #8400
Snapshot #8410
Snapshot #8420
Snapshot #8430
Snapshot #8440
Snapshot #8450
Snapshot #8460
Snapshot #8470
Snapshot #8480
Snapshot #8490
Snapshot #8500
Snapshot #8510
Snapshot #8520
Snapshot #8530
Snapshot #8540
Snapshot #8550
Snapshot #8560
Snapshot #8570
Snapshot #8580
Snapshot #8590
Snapshot #8600
Snapshot #8610
Snapshot #8620
Snapshot #8630
Snapshot #8640
Snapshot #8650
Snapshot #8660
Snapshot #8670
Snapshot #8680
Snapshot #8690
Snapshot #8700
Snapshot #8710
Snapshot #8720
Snapshot #8730
Snapshot #8740
Snapshot #8750
Snapshot #8760
Snapshot #8770
Snapshot #8780
Snapshot #8790
Snapshot #8800
Snapshot #8810
Snapshot #8820
Snapshot #8830
Snapshot #8840
Snapshot #8850
Snapshot #8860
Snapshot #8870
Snapshot #8880
Snapshot #8890
Snapshot #8900
Snapshot #8910
Snapshot #8920
Snapshot #8930
Snapshot #8940
Snapshot #8950
Snapshot #8960
Snapshot #8970
Snapshot #8980
Snapshot #8990
Snapshot #9000
Snapshot #9010
Snapshot #9020
Snapshot #9030
Snapshot #9040
Snapshot #9050
Snapshot #9060
Snapshot #9070
Snapshot #9080
Snapshot #9090
Snapshot #9100
Snapshot #9110
Snapshot #9120
Snapshot #9130
Snapshot #9140
Snapshot #9150
Snapshot #9160
Snapshot #9170
Snapshot #9180
Snapshot #9190
Snapshot #9200
Snapshot #9210
Snapshot #9220
Snapshot #9230
Snapshot #9240
Snapshot #9250
Snapshot #9260
Snapshot #9270
Snapshot #9280
Snapshot #9290
Snapshot #9300
Snapshot #9310
Snapshot #9320
Snapshot #9330
Snapshot #9340
Snapshot #9350
Snapshot #9360
Snapshot #9370
Snapshot #9380
Snapshot #9390
Snapshot #9400
Snapshot #9410
Snapshot #9420
Snapshot #9430
Snapshot #9440
Snapshot #9450
Snapshot #9460
Snapshot #9470
Snapshot #9480
Snapshot #9490
Snapshot #9500
Snapshot #9510
Snapshot #9520
Snapshot #9530
Snapshot #9540
Snapshot #9550
Snapshot #9560
Snapshot #9570
Snapshot #9580
Snapshot #9590
Snapshot #9600
Snapshot #9610
Snapshot #9620
Snapshot #9630
Snapshot #9640
Snapshot #9650
Snapshot #9660
Snapshot #9670
Snapshot #9680
Snapshot #9690
Snapshot #9700
Snapshot #9710
Snapshot #9720
Snapshot #9730
Snapshot #9740
Snapshot #9750
Snapshot #9760
Snapshot #9770
Snapshot #9780
Snapshot #9790
Snapshot #9800
Snapshot #9810
Snapshot #9820
Snapshot #9830
Snapshot #9840
Snapshot #9850
Snapshot #9860
Snapshot #9870
Snapshot #9880
Snapshot #9890
Snapshot #9900
Snapshot #9910
Snapshot #9920
Snapshot #9930
Snapshot #9940
Snapshot #9950
Snapshot #9960
Snapshot #9970
Snapshot #9980
Snapshot #9990
Snapshot #10000
FINISHED!
Elapsed time: 00 h 36 min 07 seg
SHARC - Version 2.1.08
Ready to run!

Loading file:
C:/SHARC-EESS-Active/SHARC-development/sharc/input/parameters.ini

IMT:
	interfered with: False
	direction: DOWNLINK
	frequency: 10.100 GHz
	bandwidth: 200 MHz
	spurious emissions: -13 dBm/MHz
	topology: HOTSPOT
	path loss model: UMi
EESS_PASSIVE:
	frequency: 9.800 GHz
	bandwidth: 1200 MHz
	path loss model: FSPL
	antenna pattern: ITU-R RS.2043

Simulation is running...
SHARC - Version 2.1.08
Ready to run!

Loading file:
C:/SHARC-EESS-Active/SHARC-development/sharc/input/parameters.ini

IMT:
	interfered with: False
	direction: DOWNLINK
	frequency: 10.100 GHz
	bandwidth: 200 MHz
	spurious emissions: -13 dBm/MHz
	topology: HOTSPOT
	path loss model: UMi
EESS_PASSIVE:
	frequency: 9.800 GHz
	bandwidth: 1200 MHz
	path loss model: FSPL
	antenna pattern: ITU-R RS.2043

Simulation is running...
SHARC - Version 2.1.08
Ready to run!

Loading file:
C:/SHARC-EESS-Active/SHARC-development/sharc/input/parameters.ini

IMT:
	interfered with: False
	direction: DOWNLINK
	frequency: 10.100 GHz
	bandwidth: 200 MHz
	spurious emissions: -13 dBm/MHz
	topology: HOTSPOT
	path loss model: UMi
EESS_PASSIVE:
	frequency: 9.800 GHz
	bandwidth: 1200 MHz
	path loss model: FSPL
	antenna pattern: ITU-R RS.2043

Simulation is running...
Snapshot #10
Snapshot #20
STOPPED BY USER, FINALIZING SIMULATION
FINISHED!
Elapsed time: 00 h 00 min 04 seg
SHARC - Version 2.1.08
Ready to run!

Loading file:
C:/SHARC-EESS-Active/SHARC-development/sharc/input/parameters.ini

IMT:
	interfered with: False
	direction: DOWNLINK
	frequency: 10.100 GHz
	bandwidth: 200 MHz
	spurious emissions: -13 dBm/MHz
	topology: HOTSPOT
	path loss model: UMi
EESS_PASSIVE:
	frequency: 9.800 GHz
	bandwidth: 1200 MHz
	path loss model: FSPL
	antenna pattern: ITU-R RS.2043

Simulation is running...
Snapshot #10
Snapshot #20
STOPPED BY USER, FINALIZING SIMULATION
FINISHED!
Elapsed time: 00 h 00 min 04 seg
SHARC - Version 2.1.08
Ready to run!

Loading file:
C:/SHARC-EESS-Active/SHARC-development/sharc/input/parameters.ini

IMT:
	interfered with: False
	direction: DOWNLINK
	frequency: 10.100 GHz
	bandwidth: 200 MHz
	spurious emissions: -13 dBm/MHz
	topology: HOTSPOT
	path loss model: UMi
EESS_PASSIVE:
	frequency: 9.800 GHz
	bandwidth: 1200 MHz
	path loss model: FSPL
	antenna pattern: ITU-R RS.2043

Simulation is running...
Snapshot #10
Snapshot #20
STOPPED BY USER, FINALIZING SIMULATION
FINISHED!
Elapsed time: 00 h 00 min 04 seg
SHARC - Version 2.1.08
Ready to run!

Loading file:
C:/SHARC-EESS-Active/SHARC-development/sharc/input/parameters.ini

IMT:
	interfered with: False
	direction: DOWNLINK
	frequency: 10.100 GHz
	bandwidth: 200 MHz
	spurious emissions: -13 dBm/MHz
	topology: HOTSPOT
	path loss model: UMi
EESS_PASSIVE:
	frequency: 9.800 GHz
	bandwidth: 1200 MHz
	path loss model: FSPL
	antenna pattern: ITU-R RS.2043

Simulation is running...
Snapshot #10
STOPPED BY USER, FINALIZING SIMULATION
FINISHED!
Elapsed time: 00 h 00 min 02 seg
Loading file:
C:/SHARC-EESS-Active/SHARC-development/sharc/input/parameters.ini

IMT:
	interfered with: False
	direction: DOWNLINK
	frequency: 10.100 GHz
	bandwidth: 200 MHz
	spurious emissions: -13 dBm/MHz
	topology: HOTSPOT
	path loss model: UMi
EESS_PASSIVE:
	frequency: 9.800 GHz
	bandwidth: 1200 MHz
	path loss model: FSPL
	antenna pattern: ITU-R RS.2043

Simulation is running...
Snapshot #10
STOPPED BY USER, FINALIZING SIMULATION
FINISHED!
Elapsed time: 00 h 00 min 03 seg
SHARC - Version 2.1.08
Ready to run!

SHARC - Version 2.1.08
Ready to run!

Loading file:
C:/SHARC-EESS-Active/SHARC-development/sharc/input/parameters.ini

IMT:
	interfered with: False
	direction: DOWNLINK
	frequency: 10.100 GHz
	bandwidth: 200 MHz
	spurious emissions: -13 dBm/MHz
	topology: HOTSPOT
	path loss model: UMi
EESS_PASSIVE:
	frequency: 9.800 GHz
	bandwidth: 1200 MHz
	path loss model: FSPL
	antenna pattern: ITU-R RS.2043

Simulation is running...
Snapshot #10
STOPPED BY USER, FINALIZING SIMULATION
FINISHED!
Elapsed time: 00 h 00 min 02 seg
